{"/Users/huan/Downloads/代码项目/img-genertor/img_generator-vue3/src/composables/useMobileDetect.js": {"path":"/Users/huan/Downloads/代码项目/img-genertor/img_generator-vue3/src/composables/useMobileDetect.js","statementMap":{"0":{"start":{"line":14,"column":18},"end":{"line":14,"column":null}},"1":{"start":{"line":15,"column":21},"end":{"line":15,"column":null}},"2":{"start":{"line":18,"column":22},"end":{"line":18,"column":null}},"3":{"start":{"line":24,"column":22},"end":{"line":43,"column":null}},"4":{"start":{"line":25,"column":4},"end":{"line":25,"column":null}},"5":{"start":{"line":26,"column":24},"end":{"line":26,"column":null}},"6":{"start":{"line":29,"column":4},"end":{"line":42,"column":null}},"7":{"start":{"line":30,"column":6},"end":{"line":30,"column":null}},"8":{"start":{"line":33,"column":6},"end":{"line":41,"column":null}},"9":{"start":{"line":34,"column":8},"end":{"line":38,"column":null}},"10":{"start":{"line":40,"column":8},"end":{"line":40,"column":null}},"11":{"start":{"line":49,"column":28},"end":{"line":64,"column":null}},"12":{"start":{"line":50,"column":4},"end":{"line":63,"column":null}},"13":{"start":{"line":51,"column":21},"end":{"line":51,"column":null}},"14":{"start":{"line":52,"column":6},"end":{"line":60,"column":null}},"15":{"start":{"line":53,"column":27},"end":{"line":53,"column":null}},"16":{"start":{"line":55,"column":25},"end":{"line":55,"column":null}},"17":{"start":{"line":56,"column":8},"end":{"line":59,"column":null}},"18":{"start":{"line":57,"column":10},"end":{"line":57,"column":null}},"19":{"start":{"line":58,"column":10},"end":{"line":58,"column":null}},"20":{"start":{"line":62,"column":6},"end":{"line":62,"column":null}},"21":{"start":{"line":67,"column":20},"end":{"line":67,"column":null}},"22":{"start":{"line":68,"column":23},"end":{"line":75,"column":null}},"23":{"start":{"line":69,"column":4},"end":{"line":71,"column":null}},"24":{"start":{"line":70,"column":6},"end":{"line":70,"column":null}},"25":{"start":{"line":72,"column":4},"end":{"line":74,"column":11}},"26":{"start":{"line":73,"column":6},"end":{"line":73,"column":null}},"27":{"start":{"line":78,"column":1},"end":{"line":90,"column":null}},"28":{"start":{"line":80,"column":4},"end":{"line":80,"column":null}},"29":{"start":{"line":81,"column":4},"end":{"line":81,"column":null}},"30":{"start":{"line":84,"column":4},"end":{"line":84,"column":null}},"31":{"start":{"line":87,"column":4},"end":{"line":89,"column":null}},"32":{"start":{"line":88,"column":6},"end":{"line":88,"column":null}},"33":{"start":{"line":93,"column":1},"end":{"line":103,"column":null}},"34":{"start":{"line":94,"column":4},"end":{"line":94,"column":null}},"35":{"start":{"line":96,"column":4},"end":{"line":98,"column":null}},"36":{"start":{"line":97,"column":6},"end":{"line":97,"column":null}},"37":{"start":{"line":100,"column":4},"end":{"line":102,"column":null}},"38":{"start":{"line":101,"column":6},"end":{"line":101,"column":null}},"39":{"start":{"line":105,"column":2},"end":{"line":108,"column":null}}},"fnMap":{"0":{"name":"useMobileDetect","decl":{"start":{"line":12,"column":16},"end":{"line":12,"column":31}},"loc":{"start":{"line":12,"column":50},"end":{"line":109,"column":null}},"line":12},"1":{"name":"(anonymous_1)","decl":{"start":{"line":24,"column":22},"end":{"line":24,"column":23}},"loc":{"start":{"line":24,"column":28},"end":{"line":43,"column":null}},"line":24},"2":{"name":"(anonymous_2)","decl":{"start":{"line":49,"column":28},"end":{"line":49,"column":29}},"loc":{"start":{"line":49,"column":34},"end":{"line":64,"column":null}},"line":49},"3":{"name":"(anonymous_3)","decl":{"start":{"line":68,"column":23},"end":{"line":68,"column":24}},"loc":{"start":{"line":68,"column":29},"end":{"line":75,"column":null}},"line":68},"4":{"name":"(anonymous_4)","decl":{"start":{"line":72,"column":29},"end":{"line":72,"column":30}},"loc":{"start":{"line":72,"column":35},"end":{"line":74,"column":5}},"line":72},"5":{"name":"(anonymous_5)","decl":{"start":{"line":78,"column":12},"end":{"line":78,"column":13}},"loc":{"start":{"line":78,"column":18},"end":{"line":90,"column":3}},"line":78},"6":{"name":"(anonymous_6)","decl":{"start":{"line":93,"column":14},"end":{"line":93,"column":15}},"loc":{"start":{"line":93,"column":20},"end":{"line":103,"column":3}},"line":93}},"branchMap":{"0":{"loc":{"start":{"line":12,"column":32},"end":{"line":12,"column":48}},"type":"default-arg","locations":[{"start":{"line":12,"column":45},"end":{"line":12,"column":48}}],"line":12},"1":{"loc":{"start":{"line":29,"column":4},"end":{"line":42,"column":null}},"type":"if","locations":[{"start":{"line":29,"column":4},"end":{"line":42,"column":null}},{"start":{},"end":{}}],"line":29},"2":{"loc":{"start":{"line":52,"column":6},"end":{"line":60,"column":null}},"type":"if","locations":[{"start":{"line":52,"column":6},"end":{"line":60,"column":null}},{"start":{},"end":{}}],"line":52},"3":{"loc":{"start":{"line":56,"column":8},"end":{"line":59,"column":null}},"type":"if","locations":[{"start":{"line":56,"column":8},"end":{"line":59,"column":null}},{"start":{},"end":{}}],"line":56},"4":{"loc":{"start":{"line":56,"column":12},"end":{"line":56,"column":64}},"type":"binary-expr","locations":[{"start":{"line":56,"column":12},"end":{"line":56,"column":20}},{"start":{"line":56,"column":24},"end":{"line":56,"column":64}}],"line":56},"5":{"loc":{"start":{"line":58,"column":30},"end":{"line":58,"column":null}},"type":"binary-expr","locations":[{"start":{"line":58,"column":30},"end":{"line":58,"column":52}},{"start":{"line":58,"column":56},"end":{"line":58,"column":null}}],"line":58},"6":{"loc":{"start":{"line":69,"column":4},"end":{"line":71,"column":null}},"type":"if","locations":[{"start":{"line":69,"column":4},"end":{"line":71,"column":null}},{"start":{},"end":{}}],"line":69},"7":{"loc":{"start":{"line":87,"column":4},"end":{"line":89,"column":null}},"type":"if","locations":[{"start":{"line":87,"column":4},"end":{"line":89,"column":null}},{"start":{},"end":{}}],"line":87},"8":{"loc":{"start":{"line":87,"column":8},"end":{"line":87,"column":50}},"type":"binary-expr","locations":[{"start":{"line":87,"column":8},"end":{"line":87,"column":21}},{"start":{"line":87,"column":25},"end":{"line":87,"column":50}}],"line":87},"9":{"loc":{"start":{"line":96,"column":4},"end":{"line":98,"column":null}},"type":"if","locations":[{"start":{"line":96,"column":4},"end":{"line":98,"column":null}},{"start":{},"end":{}}],"line":96},"10":{"loc":{"start":{"line":96,"column":8},"end":{"line":96,"column":50}},"type":"binary-expr","locations":[{"start":{"line":96,"column":8},"end":{"line":96,"column":21}},{"start":{"line":96,"column":25},"end":{"line":96,"column":50}}],"line":96},"11":{"loc":{"start":{"line":100,"column":4},"end":{"line":102,"column":null}},"type":"if","locations":[{"start":{"line":100,"column":4},"end":{"line":102,"column":null}},{"start":{},"end":{}}],"line":100}},"s":{"0":8,"1":8,"2":8,"3":8,"4":12,"5":12,"6":12,"7":7,"8":7,"9":7,"10":1,"11":8,"12":8,"13":8,"14":8,"15":1,"16":1,"17":1,"18":1,"19":1,"20":0,"21":8,"22":8,"23":4,"24":0,"25":4,"26":4,"27":8,"28":8,"29":8,"30":8,"31":8,"32":0,"33":8,"34":0,"35":0,"36":0,"37":0,"38":0,"39":8},"f":{"0":8,"1":12,"2":8,"3":4,"4":4,"5":8,"6":0},"b":{"0":[8],"1":[7,5],"2":[1,7],"3":[1,0],"4":[1,1],"5":[1,0],"6":[0,4],"7":[0,8],"8":[8,8],"9":[0,0],"10":[0,0],"11":[0,0]},"meta":{"lastBranch":12,"lastFunction":7,"lastStatement":40,"seen":{"f:12:16:12:31":0,"b:12:45:12:48":0,"s:14:18:14:Infinity":0,"s:15:21:15:Infinity":1,"s:18:22:18:Infinity":2,"s:24:22:43:Infinity":3,"f:24:22:24:23":1,"s:25:4:25:Infinity":4,"s:26:24:26:Infinity":5,"b:29:4:42:Infinity:undefined:undefined:undefined:undefined":1,"s:29:4:42:Infinity":6,"s:30:6:30:Infinity":7,"s:33:6:41:Infinity":8,"s:34:8:38:Infinity":9,"s:40:8:40:Infinity":10,"s:49:28:64:Infinity":11,"f:49:28:49:29":2,"s:50:4:63:Infinity":12,"s:51:21:51:Infinity":13,"b:52:6:60:Infinity:undefined:undefined:undefined:undefined":2,"s:52:6:60:Infinity":14,"s:53:27:53:Infinity":15,"s:55:25:55:Infinity":16,"b:56:8:59:Infinity:undefined:undefined:undefined:undefined":3,"s:56:8:59:Infinity":17,"b:56:12:56:20:56:24:56:64":4,"s:57:10:57:Infinity":18,"s:58:10:58:Infinity":19,"b:58:30:58:52:58:56:58:Infinity":5,"s:62:6:62:Infinity":20,"s:67:20:67:Infinity":21,"s:68:23:75:Infinity":22,"f:68:23:68:24":3,"b:69:4:71:Infinity:undefined:undefined:undefined:undefined":6,"s:69:4:71:Infinity":23,"s:70:6:70:Infinity":24,"s:72:4:74:11":25,"f:72:29:72:30":4,"s:73:6:73:Infinity":26,"s:78:1:90:Infinity":27,"f:78:12:78:13":5,"s:80:4:80:Infinity":28,"s:81:4:81:Infinity":29,"s:84:4:84:Infinity":30,"b:87:4:89:Infinity:undefined:undefined:undefined:undefined":7,"s:87:4:89:Infinity":31,"b:87:8:87:21:87:25:87:50":8,"s:88:6:88:Infinity":32,"s:93:1:103:Infinity":33,"f:93:14:93:15":6,"s:94:4:94:Infinity":34,"b:96:4:98:Infinity:undefined:undefined:undefined:undefined":9,"s:96:4:98:Infinity":35,"b:96:8:96:21:96:25:96:50":10,"s:97:6:97:Infinity":36,"b:100:4:102:Infinity:undefined:undefined:undefined:undefined":11,"s:100:4:102:Infinity":37,"s:101:6:101:Infinity":38,"s:105:2:108:Infinity":39}}}
}
